app/build/intermediates/manifest_merge_blame_file/debug/manifest-merger-blame-debug-report.txt
1<?xml version="1.0" encoding="utf-8"?>
2<manifest xmlns:android="http://schemas.android.com/apk/res/android"
3    package="com.wanli.demo3"
4    android:versionCode="1"
5    android:versionName="1.0" >
6
7    <uses-sdk
8        android:minSdkVersion="22"
8-->src\main\AndroidManifest.xml
9        android:targetSdkVersion="23" />
9-->src\main\AndroidManifest.xml
10
11    <!-- 允许访问通讯录 -->
12    <uses-permission android:name="android.permission.READ_CONTACTS" />
12-->src\main\AndroidManifest.xml:6:5-72
12-->src\main\AndroidManifest.xml:6:22-69
13    <uses-permission android:name="android.permission.READ_EXTERNAL_STORAGE" />
13-->src\main\AndroidManifest.xml:7:5-80
13-->src\main\AndroidManifest.xml:7:22-77
14
15    <!-- 第一周的Activity -->
16    <application
16-->src\main\AndroidManifest.xml:9:5-32:19
17        android:allowBackup="true"
17-->src\main\AndroidManifest.xml:10:9-35
18        android:debuggable="true"
19        android:icon="@mipmap/ic_launcher"
19-->src\main\AndroidManifest.xml:11:9-43
20        android:label="第一张 Activity"
20-->src\main\AndroidManifest.xml:12:9-37
21        android:supportsRtl="true"
21-->src\main\AndroidManifest.xml:13:9-35
22        android:testOnly="true"
23        android:theme="@style/AppTheme.NoActionBar" >
23-->src\main\AndroidManifest.xml:14:9-52
24        <activity
24-->src\main\AndroidManifest.xml:15:9-23:20
25            android:name="com.wanli.demo3.MyActivity1_0"
25-->src\main\AndroidManifest.xml:16:13-42
26            android:theme="@android:style/Theme.Translucent.NoTitleBar.Fullscreen" >
26-->src\main\AndroidManifest.xml:17:13-83
27            <intent-filter>
27-->src\main\AndroidManifest.xml:18:29-22:41
28                <action android:name="android.intent.action.MAIN" />
28-->src\main\AndroidManifest.xml:19:29-81
28-->src\main\AndroidManifest.xml:19:37-78
29
30                <category android:name="android.intent.category.LAUNCHER" />
30-->src\main\AndroidManifest.xml:21:29-89
30-->src\main\AndroidManifest.xml:21:39-86
31            </intent-filter>
32        </activity>
33        <!-- 第二周的Activity -->
34        <activity android:name="com.wanli.demo3.MyActivity2_0" />
34-->src\main\AndroidManifest.xml:25:9-60
34-->src\main\AndroidManifest.xml:25:19-48
35        <!-- 第三周的Activity -->
36        <activity android:name="com.wanli.demo3.MyActivity3_0" >
36-->src\main\AndroidManifest.xml:27:9-28:20
36-->src\main\AndroidManifest.xml:27:19-48
37        </activity>
38        <activity
38-->src\main\AndroidManifest.xml:29:9-31:59
39            android:name="com.wanli.demo3.MyActivity3_1"
39-->src\main\AndroidManifest.xml:30:13-42
40            android:theme="@style/AppTheme.NoActionBar" />
40-->src\main\AndroidManifest.xml:31:13-56
41    </application>
42
43</manifest>